TN:
SF:cucumber.js
FNF:0
FNH:0
DA:1,0
DA:10,0
LF:2
LH:0
BRF:0
BRH:0
end_of_record
TN:
SF:src/app.module.ts
FNF:0
FNH:0
DA:1,0
DA:2,0
DA:3,0
DA:4,0
DA:5,0
DA:7,0
DA:8,0
DA:21,0
LF:8
LH:0
BRDA:12,0,0,0
BRDA:12,0,1,0
BRF:2
BRH:0
end_of_record
TN:
SF:src/app.service.ts
FN:5,(anonymous_1)
FNF:1
FNH:0
FNDA:0,(anonymous_1)
DA:1,0
DA:4,0
DA:6,0
LF:3
LH:0
BRF:0
BRH:0
end_of_record
TN:
SF:src/environments.ts
FNF:0
FNH:0
DA:1,1
LF:1
LH:1
BRF:0
BRH:0
end_of_record
TN:
SF:src/main.ts
FN:4,bootstrap
FNF:1
FNH:0
FNDA:0,bootstrap
DA:1,0
DA:2,0
DA:5,0
DA:6,0
DA:8,0
LF:5
LH:0
BRF:0
BRH:0
end_of_record
TN:
SF:src/reviews/reviews.module.ts
FNF:0
FNH:0
DA:1,1
DA:2,1
DA:3,1
DA:4,1
DA:5,1
DA:6,1
DA:7,1
DA:8,1
DA:9,1
DA:10,1
DA:11,1
DA:12,1
DA:13,1
DA:14,1
DA:15,1
DA:17,1
DA:21,1
DA:25,1
DA:29,1
DA:33,1
DA:38,1
DA:39,1
DA:40,1
DA:41,1
DA:42,1
DA:43,1
DA:44,1
DA:45,1
DA:46,1
DA:47,1
DA:110,1
LF:31
LH:31
BRF:0
BRH:0
end_of_record
TN:
SF:src/reviews/api/host.controller.ts
FN:9,(anonymous_4)
FN:15,(anonymous_5)
FN:20,(anonymous_6)
FNF:3
FNH:2
FNDA:3,(anonymous_4)
FNDA:0,(anonymous_5)
FNDA:1,(anonymous_6)
DA:1,2
DA:2,2
DA:3,2
DA:4,2
DA:5,2
DA:8,2
DA:10,3
DA:11,3
DA:14,2
DA:16,0
DA:19,2
DA:21,1
LF:12
LH:11
BRF:0
BRH:0
end_of_record
TN:
SF:src/reviews/api/huesped.controller.ts
FN:9,(anonymous_4)
FN:15,(anonymous_5)
FN:20,(anonymous_6)
FNF:3
FNH:2
FNDA:3,(anonymous_4)
FNDA:0,(anonymous_5)
FNDA:1,(anonymous_6)
DA:1,2
DA:2,2
DA:3,2
DA:4,2
DA:5,2
DA:8,2
DA:10,3
DA:11,3
DA:14,2
DA:16,0
DA:19,2
DA:21,1
LF:12
LH:11
BRF:0
BRH:0
end_of_record
TN:
SF:src/reviews/api/property.controller.ts
FN:9,(anonymous_4)
FN:15,(anonymous_5)
FN:20,(anonymous_6)
FNF:3
FNH:2
FNDA:3,(anonymous_4)
FNDA:0,(anonymous_5)
FNDA:1,(anonymous_6)
DA:1,2
DA:2,2
DA:3,2
DA:4,2
DA:5,2
DA:8,2
DA:10,3
DA:11,3
DA:14,2
DA:16,0
DA:19,2
DA:21,1
LF:12
LH:11
BRF:0
BRH:0
end_of_record
TN:
SF:src/reviews/api/review-guest.controller.ts
FN:10,(anonymous_4)
FN:17,(anonymous_5)
FN:21,(anonymous_6)
FNF:3
FNH:1
FNDA:1,(anonymous_4)
FNDA:0,(anonymous_5)
FNDA:0,(anonymous_6)
DA:1,1
DA:3,1
DA:4,1
DA:5,1
DA:6,1
DA:9,1
DA:12,1
DA:13,1
DA:16,1
DA:18,0
DA:20,1
DA:22,0
DA:23,0
LF:13
LH:10
BRF:0
BRH:0
end_of_record
TN:
SF:src/reviews/api/review.controller.ts
FN:10,(anonymous_4)
FN:17,(anonymous_5)
FN:21,(anonymous_6)
FNF:3
FNH:1
FNDA:1,(anonymous_4)
FNDA:0,(anonymous_5)
FNDA:0,(anonymous_6)
DA:1,1
DA:3,1
DA:4,1
DA:5,1
DA:6,1
DA:9,1
DA:12,1
DA:13,1
DA:16,1
DA:18,0
DA:20,1
DA:22,0
DA:23,0
LF:13
LH:10
BRF:0
BRH:0
end_of_record
TN:
SF:src/reviews/application/commands/handlers/create-host.handler.ts
FN:10,(anonymous_2)
FN:16,(anonymous_3)
FNF:2
FNH:1
FNDA:1,(anonymous_2)
FNDA:0,(anonymous_3)
DA:1,1
DA:2,1
DA:4,1
DA:5,1
DA:6,1
DA:9,1
DA:11,1
DA:12,1
DA:13,1
DA:17,0
DA:18,0
DA:19,0
DA:21,0
DA:27,0
DA:31,0
DA:32,0
DA:33,0
DA:34,0
DA:36,0
LF:19
LH:9
BRF:0
BRH:0
end_of_record
TN:
SF:src/reviews/application/commands/handlers/create-huesped.handler.ts
FN:12,(anonymous_2)
FN:18,(anonymous_3)
FNF:2
FNH:1
FNDA:1,(anonymous_2)
FNDA:0,(anonymous_3)
DA:1,1
DA:2,1
DA:4,1
DA:5,1
DA:6,1
DA:9,1
DA:13,1
DA:14,1
DA:15,1
DA:19,0
DA:20,0
DA:22,0
DA:28,0
DA:32,0
DA:34,0
DA:36,0
LF:16
LH:9
BRF:0
BRH:0
end_of_record
TN:
SF:src/reviews/application/commands/handlers/create-property.handler.ts
FN:12,(anonymous_2)
FN:18,(anonymous_3)
FNF:2
FNH:1
FNDA:1,(anonymous_2)
FNDA:0,(anonymous_3)
DA:1,1
DA:2,1
DA:4,1
DA:5,1
DA:6,1
DA:9,1
DA:13,1
DA:14,1
DA:15,1
DA:19,0
DA:20,0
DA:22,0
DA:27,0
DA:31,0
DA:32,0
DA:33,0
DA:34,0
DA:36,0
DA:37,0
LF:19
LH:9
BRF:0
BRH:0
end_of_record
TN:
SF:src/reviews/application/commands/handlers/create-review-guest.handler.ts
FN:12,(anonymous_2)
FN:18,(anonymous_3)
FNF:2
FNH:1
FNDA:1,(anonymous_2)
FNDA:0,(anonymous_3)
DA:1,1
DA:2,1
DA:4,1
DA:5,1
DA:6,1
DA:9,1
DA:13,1
DA:14,1
DA:15,1
DA:19,0
DA:20,0
DA:22,0
DA:26,0
DA:33,0
DA:37,0
DA:38,0
DA:39,0
DA:40,0
DA:42,0
DA:43,0
LF:20
LH:9
BRF:0
BRH:0
end_of_record
TN:
SF:src/reviews/application/commands/handlers/create-review.handler.ts
FN:12,(anonymous_2)
FN:18,(anonymous_3)
FNF:2
FNH:1
FNDA:1,(anonymous_2)
FNDA:0,(anonymous_3)
DA:1,1
DA:2,1
DA:4,1
DA:5,1
DA:6,1
DA:9,1
DA:13,1
DA:14,1
DA:15,1
DA:19,0
DA:20,0
DA:22,0
DA:24,0
DA:26,0
DA:33,0
DA:37,0
DA:38,0
DA:39,0
DA:40,0
DA:42,0
DA:43,0
LF:21
LH:9
BRF:0
BRH:0
end_of_record
TN:
SF:src/reviews/application/commands/handlers/index.ts
FNF:0
FNH:0
DA:1,1
DA:2,1
DA:3,1
DA:4,1
DA:5,1
DA:6,1
LF:6
LH:6
BRF:0
BRH:0
end_of_record
TN:
SF:src/reviews/application/commands/impl/create-host.command.ts
FN:4,(anonymous_0)
FNF:1
FNH:1
FNDA:2,(anonymous_0)
DA:3,2
DA:4,2
LF:2
LH:2
BRF:0
BRH:0
end_of_record
TN:
SF:src/reviews/application/commands/impl/create-huesped.command.ts
FN:4,(anonymous_0)
FNF:1
FNH:1
FNDA:2,(anonymous_0)
DA:3,2
DA:4,2
LF:2
LH:2
BRF:0
BRH:0
end_of_record
TN:
SF:src/reviews/application/commands/impl/create-property.command.ts
FN:4,(anonymous_0)
FNF:1
FNH:1
FNDA:2,(anonymous_0)
DA:3,2
DA:4,2
LF:2
LH:2
BRF:0
BRH:0
end_of_record
TN:
SF:src/reviews/application/commands/impl/create-review-guest.command.ts
FN:4,(anonymous_0)
FNF:1
FNH:0
FNDA:0,(anonymous_0)
DA:3,1
DA:4,0
LF:2
LH:1
BRF:0
BRH:0
end_of_record
TN:
SF:src/reviews/application/commands/impl/create-review.command.ts
FN:4,(anonymous_0)
FNF:1
FNH:0
FNDA:0,(anonymous_0)
DA:3,1
DA:4,0
LF:2
LH:1
BRF:0
BRH:0
end_of_record
TN:
SF:src/reviews/application/dtos/host.dto.ts
FNF:0
FNH:0
DA:1,2
DA:2,2
DA:4,2
DA:5,2
DA:10,2
DA:15,2
LF:6
LH:6
BRF:0
BRH:0
end_of_record
TN:
SF:src/reviews/application/dtos/huesped.dto.ts
FNF:0
FNH:0
DA:1,2
DA:2,2
DA:4,2
DA:5,2
DA:10,2
DA:15,2
LF:6
LH:6
BRF:0
BRH:0
end_of_record
TN:
SF:src/reviews/application/dtos/property.dto.ts
FNF:0
FNH:0
DA:1,2
DA:2,2
DA:4,2
DA:5,2
DA:10,2
LF:5
LH:5
BRF:0
BRH:0
end_of_record
TN:
SF:src/reviews/application/dtos/review-guest.dto.ts
FN:31,(anonymous_2)
FNF:1
FNH:0
FNDA:0,(anonymous_2)
DA:1,1
DA:8,1
DA:9,1
DA:10,1
DA:12,1
DA:13,1
DA:18,1
DA:23,1
DA:28,1
DA:31,0
LF:10
LH:9
BRF:0
BRH:0
end_of_record
TN:
SF:src/reviews/application/dtos/review.dto.ts
FN:31,(anonymous_2)
FNF:1
FNH:0
FNDA:0,(anonymous_2)
DA:1,1
DA:8,1
DA:9,1
DA:10,1
DA:12,1
DA:13,1
DA:18,1
DA:23,1
DA:28,1
DA:31,0
LF:10
LH:9
BRF:0
BRH:0
end_of_record
TN:
SF:src/reviews/application/queries/handlers/get-host.handler.ts
FN:7,(anonymous_2)
FN:9,(anonymous_3)
FNF:2
FNH:1
FNDA:1,(anonymous_2)
FNDA:0,(anonymous_3)
DA:1,1
DA:2,1
DA:3,1
DA:6,1
DA:7,1
DA:10,0
LF:6
LH:5
BRF:0
BRH:0
end_of_record
TN:
SF:src/reviews/application/queries/handlers/get-huesped.handler.ts
FN:7,(anonymous_2)
FN:9,(anonymous_3)
FNF:2
FNH:1
FNDA:1,(anonymous_2)
FNDA:0,(anonymous_3)
DA:1,1
DA:2,1
DA:3,1
DA:6,1
DA:7,1
DA:10,0
LF:6
LH:5
BRF:0
BRH:0
end_of_record
TN:
SF:src/reviews/application/queries/handlers/get-properties.handler.ts
FN:7,(anonymous_2)
FN:9,(anonymous_3)
FNF:2
FNH:1
FNDA:1,(anonymous_2)
FNDA:0,(anonymous_3)
DA:1,1
DA:2,1
DA:3,1
DA:6,1
DA:7,1
DA:10,0
LF:6
LH:5
BRF:0
BRH:0
end_of_record
TN:
SF:src/reviews/application/queries/handlers/get-reviews-guest.handler.ts
FN:9,(anonymous_2)
FN:11,(anonymous_3)
FNF:2
FNH:1
FNDA:1,(anonymous_2)
FNDA:0,(anonymous_3)
DA:1,1
DA:2,1
DA:3,1
DA:6,1
DA:9,1
DA:12,0
LF:6
LH:5
BRF:0
BRH:0
end_of_record
TN:
SF:src/reviews/application/queries/handlers/get-reviews.handler.ts
FN:7,(anonymous_2)
FN:9,(anonymous_3)
FNF:2
FNH:1
FNDA:1,(anonymous_2)
FNDA:0,(anonymous_3)
DA:1,1
DA:2,1
DA:3,1
DA:6,1
DA:7,1
DA:10,0
LF:6
LH:5
BRF:0
BRH:0
end_of_record
TN:
SF:src/reviews/application/queries/handlers/index.ts
FNF:0
FNH:0
DA:1,1
DA:2,1
DA:3,1
DA:4,1
DA:5,1
DA:7,1
LF:6
LH:6
BRF:0
BRH:0
end_of_record
TN:
SF:src/reviews/application/queries/impl/get-host.query.ts
FNF:0
FNH:0
DA:1,2
LF:1
LH:1
BRF:0
BRH:0
end_of_record
TN:
SF:src/reviews/application/queries/impl/get-huesped.query.ts
FNF:0
FNH:0
DA:1,2
LF:1
LH:1
BRF:0
BRH:0
end_of_record
TN:
SF:src/reviews/application/queries/impl/get-properties.query.ts
FNF:0
FNH:0
DA:1,2
LF:1
LH:1
BRF:0
BRH:0
end_of_record
TN:
SF:src/reviews/application/queries/impl/get-reviews-guest.query.ts
FNF:0
FNH:0
DA:1,1
LF:1
LH:1
BRF:0
BRH:0
end_of_record
TN:
SF:src/reviews/application/queries/impl/get-reviews.query.ts
FNF:0
FNH:0
DA:1,1
LF:1
LH:1
BRF:0
BRH:0
end_of_record
TN:
SF:src/reviews/application/queries/impl/index.ts
FNF:0
FNH:0
DA:1,0
DA:2,0
DA:3,0
DA:4,0
DA:6,0
LF:5
LH:0
BRF:0
BRH:0
end_of_record
TN:
SF:src/reviews/domain/factories/host.factory.ts
FN:7,(anonymous_1)
FNF:1
FNH:0
FNDA:0,(anonymous_1)
DA:1,1
DA:3,1
DA:6,1
DA:8,0
LF:4
LH:3
BRF:0
BRH:0
end_of_record
TN:
SF:src/reviews/domain/factories/huesped.factory.ts
FN:7,(anonymous_1)
FNF:1
FNH:0
FNDA:0,(anonymous_1)
DA:1,1
DA:3,1
DA:6,1
DA:8,0
LF:4
LH:3
BRF:0
BRH:0
end_of_record
TN:
SF:src/reviews/domain/factories/property.factory.ts
FN:7,(anonymous_1)
FNF:1
FNH:0
FNDA:0,(anonymous_1)
DA:1,1
DA:3,1
DA:6,1
DA:8,0
LF:4
LH:3
BRF:0
BRH:0
end_of_record
TN:
SF:src/reviews/domain/factories/review-guest.factory.ts
FN:7,(anonymous_1)
FNF:1
FNH:0
FNDA:0,(anonymous_1)
DA:1,1
DA:3,1
DA:6,1
DA:13,0
DA:14,0
LF:5
LH:3
BRF:0
BRH:0
end_of_record
TN:
SF:src/reviews/domain/factories/review.factory.ts
FN:7,(anonymous_1)
FNF:1
FNH:0
FNDA:0,(anonymous_1)
DA:1,1
DA:3,1
DA:6,1
DA:13,0
DA:14,0
LF:5
LH:3
BRF:0
BRH:0
end_of_record
TN:
SF:src/reviews/domain/model/host/host.model.ts
FN:8,(anonymous_0)
FN:14,(anonymous_1)
FN:18,(anonymous_2)
FN:21,(anonymous_3)
FN:25,(anonymous_4)
FN:29,(anonymous_5)
FN:33,(anonymous_6)
FNF:7
FNH:5
FNDA:2,(anonymous_0)
FNDA:2,(anonymous_1)
FNDA:1,(anonymous_2)
FNDA:1,(anonymous_3)
FNDA:0,(anonymous_4)
FNDA:1,(anonymous_5)
FNDA:0,(anonymous_6)
DA:1,2
DA:3,2
DA:9,2
DA:10,2
DA:11,2
DA:12,2
DA:15,2
DA:19,1
DA:22,1
DA:26,0
DA:30,1
DA:34,0
LF:12
LH:10
BRF:0
BRH:0
end_of_record
TN:
SF:src/reviews/domain/model/huesped/huesped.model.ts
FN:8,(anonymous_0)
FN:14,(anonymous_1)
FN:18,(anonymous_2)
FN:21,(anonymous_3)
FN:25,(anonymous_4)
FN:29,(anonymous_5)
FN:33,(anonymous_6)
FNF:7
FNH:5
FNDA:2,(anonymous_0)
FNDA:2,(anonymous_1)
FNDA:1,(anonymous_2)
FNDA:1,(anonymous_3)
FNDA:0,(anonymous_4)
FNDA:1,(anonymous_5)
FNDA:0,(anonymous_6)
DA:1,2
DA:3,2
DA:9,2
DA:10,2
DA:11,2
DA:12,2
DA:15,2
DA:19,1
DA:22,1
DA:26,0
DA:30,1
DA:34,0
LF:12
LH:10
BRF:0
BRH:0
end_of_record
TN:
SF:src/reviews/domain/model/property/property.model.ts
FN:7,(anonymous_0)
FN:12,(anonymous_1)
FN:16,(anonymous_2)
FN:19,(anonymous_3)
FN:23,(anonymous_4)
FNF:5
FNH:4
FNDA:2,(anonymous_0)
FNDA:2,(anonymous_1)
FNDA:1,(anonymous_2)
FNDA:1,(anonymous_3)
FNDA:0,(anonymous_4)
DA:1,2
DA:3,2
DA:8,2
DA:9,2
DA:10,2
DA:13,2
DA:17,1
DA:20,1
DA:24,0
LF:9
LH:8
BRF:0
BRH:0
end_of_record
TN:
SF:src/reviews/domain/model/review-guest/category.ts
FN:5,(anonymous_0)
FN:10,(anonymous_1)
FNF:2
FNH:2
FNDA:1,(anonymous_0)
FNDA:1,(anonymous_1)
DA:4,2
DA:6,1
DA:7,1
DA:8,1
DA:11,1
DA:12,1
LF:6
LH:6
BRF:0
BRH:0
end_of_record
TN:
SF:src/reviews/domain/model/review-guest/review-guest.model.ts
FN:12,(anonymous_0)
FN:26,(anonymous_1)
FN:29,(anonymous_2)
FN:32,(anonymous_3)
FN:35,(anonymous_4)
FN:38,(anonymous_5)
FN:41,(anonymous_6)
FN:44,(anonymous_7)
FN:47,(anonymous_8)
FN:50,(anonymous_9)
FNF:10
FNH:6
FNDA:2,(anonymous_0)
FNDA:1,(anonymous_1)
FNDA:0,(anonymous_2)
FNDA:0,(anonymous_3)
FNDA:1,(anonymous_4)
FNDA:2,(anonymous_5)
FNDA:1,(anonymous_6)
FNDA:0,(anonymous_7)
FNDA:1,(anonymous_8)
FNDA:0,(anonymous_9)
DA:1,2
DA:5,2
DA:18,2
DA:19,2
DA:20,2
DA:21,2
DA:22,2
DA:23,2
DA:27,1
DA:30,0
DA:33,0
DA:36,1
DA:39,2
DA:42,1
DA:45,0
DA:48,1
DA:51,0
LF:17
LH:13
BRF:0
BRH:0
end_of_record
TN:
SF:src/reviews/domain/model/review-property/category.enum.ts
FN:1,(anonymous_0)
FNF:1
FNH:0
FNDA:0,(anonymous_0)
DA:1,0
DA:2,0
DA:3,0
DA:4,0
DA:5,0
DA:6,0
DA:7,0
LF:7
LH:0
BRDA:1,0,0,0
BRDA:1,0,1,0
BRF:2
BRH:0
end_of_record
TN:
SF:src/reviews/domain/model/review-property/category.ts
FN:5,(anonymous_0)
FN:13,(anonymous_1)
FNF:2
FNH:2
FNDA:1,(anonymous_0)
FNDA:1,(anonymous_1)
DA:4,2
DA:6,1
DA:7,1
DA:8,1
DA:9,1
DA:10,1
DA:11,1
DA:15,1
DA:21,1
LF:9
LH:9
BRF:0
BRH:0
end_of_record
TN:
SF:src/reviews/domain/model/review-property/review-property.model.ts
FN:15,(anonymous_0)
FN:33,(anonymous_1)
FN:36,(anonymous_2)
FN:39,(anonymous_3)
FN:42,(anonymous_4)
FN:45,(anonymous_5)
FN:48,(anonymous_6)
FN:51,(anonymous_7)
FN:54,(anonymous_8)
FN:57,(anonymous_9)
FNF:10
FNH:6
FNDA:2,(anonymous_0)
FNDA:1,(anonymous_1)
FNDA:0,(anonymous_2)
FNDA:0,(anonymous_3)
FNDA:1,(anonymous_4)
FNDA:2,(anonymous_5)
FNDA:1,(anonymous_6)
FNDA:0,(anonymous_7)
FNDA:1,(anonymous_8)
FNDA:0,(anonymous_9)
DA:1,2
DA:6,2
DA:22,2
DA:24,2
DA:25,2
DA:26,2
DA:27,2
DA:28,2
DA:34,1
DA:37,0
DA:40,0
DA:43,1
DA:46,2
DA:49,1
DA:52,0
DA:55,1
DA:58,0
LF:17
LH:13
BRF:0
BRH:0
end_of_record
TN:
SF:src/reviews/domain/valueObjects/category-review.valueObject.ts
FN:8,(anonymous_0)
FN:30,(anonymous_1)
FNF:2
FNH:2
FNDA:1,(anonymous_0)
FNDA:1,(anonymous_1)
DA:3,1
DA:5,1
DA:9,1
DA:10,1
DA:11,1
DA:12,1
DA:13,1
DA:14,1
DA:16,1
DA:32,1
DA:38,1
LF:11
LH:11
BRF:0
BRH:0
end_of_record
TN:
SF:src/reviews/domain/valueObjects/score.valueObject.ts
FN:8,(anonymous_0)
FN:12,(anonymous_1)
FN:15,(anonymous_2)
FNF:3
FNH:3
FNDA:4,(anonymous_0)
FNDA:2,(anonymous_1)
FNDA:3,(anonymous_2)
DA:1,1
DA:3,1
DA:5,4
DA:6,4
DA:9,4
DA:10,4
DA:13,2
DA:16,3
DA:17,1
DA:19,2
LF:10
LH:10
BRDA:16,0,0,1
BRDA:16,0,1,2
BRDA:16,1,0,3
BRDA:16,1,1,2
BRF:4
BRH:4
end_of_record
TN:
SF:src/reviews/infrastructure/config.ts
FN:3,(anonymous_0)
FNF:1
FNH:1
FNDA:1,(anonymous_0)
DA:1,1
DA:3,1
DA:4,1
LF:3
LH:3
BRF:0
BRH:0
end_of_record
TN:
SF:src/reviews/infrastructure/database/identifiable-entity.schema.ts
FNF:0
FNH:0
DA:1,1
DA:2,1
DA:4,1
DA:5,1
LF:4
LH:4
BRF:0
BRH:0
end_of_record
TN:
SF:src/reviews/infrastructure/mapper/host.mapper.ts
FN:10,(anonymous_4)
FN:15,(anonymous_5)
FN:23,(anonymous_6)
FNF:3
FNH:1
FNDA:1,(anonymous_4)
FNDA:0,(anonymous_5)
FNDA:0,(anonymous_6)
DA:1,1
DA:2,1
DA:3,1
DA:5,1
DA:6,1
DA:9,1
DA:12,1
DA:16,0
DA:24,0
DA:29,0
LF:10
LH:7
BRF:0
BRH:0
end_of_record
TN:
SF:src/reviews/infrastructure/mapper/huesped.mapper.ts
FN:10,(anonymous_4)
FN:15,(anonymous_5)
FN:23,(anonymous_6)
FNF:3
FNH:1
FNDA:1,(anonymous_4)
FNDA:0,(anonymous_5)
FNDA:0,(anonymous_6)
DA:1,1
DA:2,1
DA:3,1
DA:5,1
DA:6,1
DA:9,1
DA:12,1
DA:16,0
DA:24,0
DA:29,0
LF:10
LH:7
BRF:0
BRH:0
end_of_record
TN:
SF:src/reviews/infrastructure/mapper/property.mapper.ts
FN:10,(anonymous_4)
FN:15,(anonymous_5)
FN:22,(anonymous_6)
FNF:3
FNH:1
FNDA:1,(anonymous_4)
FNDA:0,(anonymous_5)
FNDA:0,(anonymous_6)
DA:1,1
DA:2,1
DA:3,1
DA:5,1
DA:6,1
DA:9,1
DA:12,1
DA:16,0
DA:23,0
DA:27,0
LF:10
LH:7
BRF:0
BRH:0
end_of_record
TN:
SF:src/reviews/infrastructure/mapper/review-guest.mapper.ts
FN:10,(anonymous_4)
FN:15,(anonymous_5)
FN:26,(anonymous_6)
FNF:3
FNH:1
FNDA:1,(anonymous_4)
FNDA:0,(anonymous_5)
FNDA:0,(anonymous_6)
DA:1,1
DA:2,1
DA:3,1
DA:5,1
DA:6,1
DA:9,1
DA:12,1
DA:18,0
DA:27,0
DA:33,0
LF:10
LH:7
BRF:0
BRH:0
end_of_record
TN:
SF:src/reviews/infrastructure/mapper/review.mapper.ts
FN:10,(anonymous_4)
FN:15,(anonymous_5)
FN:24,(anonymous_6)
FNF:3
FNH:1
FNDA:1,(anonymous_4)
FNDA:0,(anonymous_5)
FNDA:0,(anonymous_6)
DA:1,1
DA:2,1
DA:3,1
DA:5,1
DA:6,1
DA:9,1
DA:12,1
DA:16,0
DA:25,0
DA:30,0
LF:10
LH:7
BRF:0
BRH:0
end_of_record
TN:
SF:src/reviews/infrastructure/mongoose/mongoose.module.ts
FN:11,(anonymous_1)
FN:27,(anonymous_2)
FNF:2
FNH:2
FNDA:1,(anonymous_1)
FNDA:1,(anonymous_2)
DA:1,1
DA:3,1
DA:4,1
DA:5,1
DA:13,1
DA:14,1
DA:29,1
DA:30,1
DA:31,1
DA:32,1
DA:33,1
DA:34,1
DA:42,1
LF:13
LH:13
BRF:0
BRH:0
end_of_record
TN:
SF:src/reviews/infrastructure/repository/host.repository.ts
FN:13,(anonymous_4)
FN:19,(anonymous_5)
FN:32,(anonymous_6)
FN:36,(anonymous_7)
FNF:4
FNH:1
FNDA:1,(anonymous_4)
FNDA:0,(anonymous_5)
FNDA:0,(anonymous_6)
FNDA:0,(anonymous_7)
DA:1,1
DA:2,1
DA:3,1
DA:4,1
DA:6,1
DA:9,1
DA:12,1
DA:15,1
DA:16,1
DA:19,1
DA:20,0
DA:27,0
DA:29,0
DA:32,1
DA:33,0
DA:36,1
DA:37,0
LF:17
LH:12
BRF:0
BRH:0
end_of_record
TN:
SF:src/reviews/infrastructure/repository/huesped.repository.ts
FN:13,(anonymous_4)
FN:19,(anonymous_5)
FN:32,(anonymous_6)
FN:36,(anonymous_7)
FNF:4
FNH:1
FNDA:1,(anonymous_4)
FNDA:0,(anonymous_5)
FNDA:0,(anonymous_6)
FNDA:0,(anonymous_7)
DA:1,1
DA:2,1
DA:3,1
DA:4,1
DA:6,1
DA:9,1
DA:12,1
DA:15,1
DA:16,1
DA:19,1
DA:20,0
DA:27,0
DA:29,0
DA:32,1
DA:33,0
DA:36,1
DA:37,0
LF:17
LH:12
BRF:0
BRH:0
end_of_record
TN:
SF:src/reviews/infrastructure/repository/property.repository.ts
FN:13,(anonymous_4)
FN:19,(anonymous_5)
FN:31,(anonymous_6)
FN:35,(anonymous_7)
FNF:4
FNH:1
FNDA:1,(anonymous_4)
FNDA:0,(anonymous_5)
FNDA:0,(anonymous_6)
FNDA:0,(anonymous_7)
DA:1,1
DA:2,1
DA:3,1
DA:4,1
DA:6,1
DA:9,1
DA:12,1
DA:15,1
DA:16,1
DA:19,1
DA:20,0
DA:26,0
DA:28,0
DA:31,1
DA:32,0
DA:35,1
DA:36,0
LF:17
LH:12
BRF:0
BRH:0
end_of_record
TN:
SF:src/reviews/infrastructure/repository/review-guest.repository.ts
FN:13,(anonymous_4)
FN:19,(anonymous_5)
FN:34,(anonymous_6)
FN:38,(anonymous_7)
FNF:4
FNH:1
FNDA:1,(anonymous_4)
FNDA:0,(anonymous_5)
FNDA:0,(anonymous_6)
FNDA:0,(anonymous_7)
DA:1,1
DA:2,1
DA:3,1
DA:4,1
DA:6,1
DA:9,1
DA:12,1
DA:15,1
DA:16,1
DA:19,1
DA:20,0
DA:29,0
DA:31,0
DA:34,1
DA:35,0
DA:38,1
DA:39,0
LF:17
LH:12
BRF:0
BRH:0
end_of_record
TN:
SF:src/reviews/infrastructure/repository/review.repository.ts
FN:13,(anonymous_4)
FN:19,(anonymous_5)
FN:34,(anonymous_6)
FN:38,(anonymous_7)
FNF:4
FNH:1
FNDA:1,(anonymous_4)
FNDA:0,(anonymous_5)
FNDA:0,(anonymous_6)
FNDA:0,(anonymous_7)
DA:1,1
DA:2,1
DA:3,1
DA:4,1
DA:6,1
DA:9,1
DA:12,1
DA:15,1
DA:16,1
DA:19,1
DA:20,0
DA:29,0
DA:31,0
DA:34,1
DA:35,0
DA:38,1
DA:39,0
LF:17
LH:12
BRF:0
BRH:0
end_of_record
TN:
SF:src/reviews/infrastructure/schemas/host.schema.ts
FNF:0
FNH:0
DA:1,1
DA:2,1
DA:5,1
DA:6,1
DA:9,1
DA:12,1
DA:16,1
LF:7
LH:7
BRF:0
BRH:0
end_of_record
TN:
SF:src/reviews/infrastructure/schemas/huesped.schema.ts
FNF:0
FNH:0
DA:1,1
DA:2,1
DA:5,1
DA:6,1
DA:9,1
DA:12,1
DA:16,1
LF:7
LH:7
BRF:0
BRH:0
end_of_record
TN:
SF:src/reviews/infrastructure/schemas/property.schema.ts
FNF:0
FNH:0
DA:1,1
DA:2,1
DA:5,1
DA:6,1
DA:9,1
DA:13,1
LF:6
LH:6
BRF:0
BRH:0
end_of_record
TN:
SF:src/reviews/infrastructure/schemas/review-guest.schema.ts
FNF:0
FNH:0
DA:1,1
DA:2,1
DA:3,1
DA:6,1
DA:7,1
DA:10,1
DA:13,1
DA:16,1
DA:19,1
DA:23,1
LF:10
LH:10
BRF:0
BRH:0
end_of_record
TN:
SF:src/reviews/infrastructure/schemas/review.schema.ts
FNF:0
FNH:0
DA:1,1
DA:2,1
DA:3,1
DA:6,1
DA:7,1
DA:10,1
DA:13,1
DA:16,1
DA:19,1
DA:23,1
LF:10
LH:10
BRF:0
BRH:0
end_of_record
TN:
SF:src/shared-kernel/shared-kernel.module.ts
FNF:0
FNH:0
DA:1,2
DA:4,2
LF:2
LH:2
BRF:0
BRH:0
end_of_record
TN:
SF:src/shared-kernel/core/aggregateRoot.ts
FNF:0
FNH:0
DA:1,0
DA:3,0
LF:2
LH:0
BRF:0
BRH:0
end_of_record
TN:
SF:src/shared-kernel/core/bussinessRuleValidationException.ts
FN:9,(anonymous_0)
FN:18,(anonymous_1)
FN:22,(anonymous_2)
FNF:3
FNH:0
FNDA:0,(anonymous_0)
FNDA:0,(anonymous_1)
FNDA:0,(anonymous_2)
DA:3,3
DA:10,0
DA:11,0
DA:13,0
DA:14,0
DA:19,0
DA:23,0
LF:7
LH:1
BRDA:10,0,0,0
BRDA:10,0,1,0
BRF:2
BRH:0
end_of_record
TN:
SF:src/shared-kernel/core/domainEvent.ts
FN:7,(anonymous_0)
FNF:1
FNH:0
FNDA:0,(anonymous_0)
DA:1,0
DA:3,0
DA:8,0
DA:9,0
LF:4
LH:0
BRF:0
BRH:0
end_of_record
TN:
SF:src/shared-kernel/core/entity.ts
FN:10,(anonymous_0)
FN:15,(anonymous_1)
FN:19,(anonymous_2)
FN:23,(anonymous_3)
FN:29,(anonymous_4)
FN:33,(anonymous_5)
FNF:6
FNH:0
FNDA:0,(anonymous_0)
FNDA:0,(anonymous_1)
FNDA:0,(anonymous_2)
FNDA:0,(anonymous_3)
FNDA:0,(anonymous_4)
FNDA:0,(anonymous_5)
DA:1,0
DA:4,0
DA:6,0
DA:11,0
DA:12,0
DA:16,0
DA:20,0
DA:24,0
DA:26,0
DA:30,0
DA:34,0
LF:11
LH:0
BRDA:24,0,0,0
BRDA:26,1,0,0
BRF:2
BRH:0
end_of_record
TN:
SF:src/shared-kernel/core/valueObject.ts
FN:5,(anonymous_0)
FNF:1
FNH:0
FNDA:0,(anonymous_0)
DA:2,3
DA:4,3
DA:6,0
DA:7,0
DA:10,0
DA:11,0
LF:6
LH:2
BRDA:6,0,0,0
BRDA:10,1,0,0
BRF:2
BRH:0
end_of_record
TN:
SF:src/shared-kernel/rules/stringNotNullOrEmptyRule.ts
FN:5,(anonymous_0)
FNF:1
FNH:0
FNDA:0,(anonymous_0)
DA:1,0
DA:4,0
DA:6,0
DA:7,0
DA:9,0
DA:10,0
DA:13,0
LF:7
LH:0
BRDA:7,0,0,0
BRDA:7,0,1,0
BRDA:7,1,0,0
BRDA:7,1,1,0
BRDA:9,2,0,0
BRDA:9,3,0,0
BRDA:9,3,1,0
BRF:7
BRH:0
end_of_record
TN:
SF:src/shared-kernel/valueObjects/currency.ts
FN:2,(anonymous_0)
FN:4,(anonymous_1)
FNF:2
FNH:2
FNDA:9,(anonymous_0)
FNDA:2,(anonymous_1)
DA:1,2
DA:2,9
DA:5,2
LF:3
LH:3
BRF:0
BRH:0
end_of_record
TN:
SF:src/shared-kernel/valueObjects/priceValue.ts
FN:8,(anonymous_0)
FN:19,(anonymous_1)
FN:23,(anonymous_2)
FN:27,(anonymous_3)
FNF:4
FNH:4
FNDA:7,(anonymous_0)
FNDA:1,(anonymous_1)
FNDA:1,(anonymous_2)
FNDA:3,(anonymous_3)
DA:1,1
DA:4,1
DA:9,7
DA:11,7
DA:12,2
DA:15,5
DA:16,5
DA:20,1
DA:24,1
DA:28,3
LF:10
LH:10
BRDA:11,0,0,2
BRF:1
BRH:1
end_of_record
